2016-02-09 08:10:35,781 INFO [eu.clarin.cmdi.vlo.importer.LocalMain#main:26] - Reading configuration from file:/D:/workspace/VLO-CURATION/vlo-3.3-oeaw/vlo-commons/target/classes/VloConfig.xml
2016-02-09 08:10:36,433 INFO [eu.clarin.cmdi.vlo.importer.MetadataImporter#initSolrServer:315] - Initializing Solr Server on http://localhost:9080/vlo-solr/core0/
2016-02-09 08:10:36,692 WARN [eu.clarin.cmdi.vlo.importer.MetadataImporter#checkDataRoots:222] - Root file \media\acdh_data\oai-harvest\results\cmdi does not exist. It could be configuration error! Proceeding with next ...
2016-02-09 08:10:36,692 INFO [eu.clarin.cmdi.vlo.importer.MetadataImporter#filterDataRootsWithCLArgs:243] - Filtering configured data root files with command line arguments: "D:/data/cmdi/The_Language_Archive_s_IMDI_portal"
2016-02-09 08:10:38,765 ERROR [eu.clarin.cmdi.vlo.importer.MetadataImporter#startImport:197] - cannot commit:

org.apache.solr.client.solrj.SolrServerException: Server refused connection at: http://localhost:9080/vlo-solr/core0
	at org.apache.solr.client.solrj.impl.HttpSolrServer.executeMethod(HttpSolrServer.java:559)
	at org.apache.solr.client.solrj.impl.HttpSolrServer.request(HttpSolrServer.java:210)
	at org.apache.solr.client.solrj.impl.HttpSolrServer.request(HttpSolrServer.java:206)
	at org.apache.solr.client.solrj.impl.ConcurrentUpdateSolrServer.request(ConcurrentUpdateSolrServer.java:313)
	at org.apache.solr.client.solrj.request.AbstractUpdateRequest.process(AbstractUpdateRequest.java:124)
	at org.apache.solr.client.solrj.SolrServer.commit(SolrServer.java:168)
	at org.apache.solr.client.solrj.SolrServer.commit(SolrServer.java:146)
	at eu.clarin.cmdi.vlo.importer.MetadataImporter.startImport(MetadataImporter.java:193)
	at eu.clarin.cmdi.vlo.importer.LocalMain.main(LocalMain.java:35)
Caused by: java.net.ConnectException: Connection refused: connect
	at java.net.DualStackPlainSocketImpl.connect0(Native Method)
	at java.net.DualStackPlainSocketImpl.socketConnect(DualStackPlainSocketImpl.java:79)
	at java.net.AbstractPlainSocketImpl.doConnect(AbstractPlainSocketImpl.java:345)
	at java.net.AbstractPlainSocketImpl.connectToAddress(AbstractPlainSocketImpl.java:206)
	at java.net.AbstractPlainSocketImpl.connect(AbstractPlainSocketImpl.java:188)
	at java.net.PlainSocketImpl.connect(PlainSocketImpl.java:172)
	at java.net.SocksSocketImpl.connect(SocksSocketImpl.java:392)
	at java.net.Socket.connect(Socket.java:589)
	at org.apache.http.conn.scheme.PlainSocketFactory.connectSocket(PlainSocketFactory.java:117)
	at org.apache.http.impl.conn.DefaultClientConnectionOperator.openConnection(DefaultClientConnectionOperator.java:177)
	at org.apache.http.impl.conn.ManagedClientConnectionImpl.open(ManagedClientConnectionImpl.java:304)
	at org.apache.http.impl.client.DefaultRequestDirector.tryConnect(DefaultRequestDirector.java:611)
	at org.apache.http.impl.client.DefaultRequestDirector.execute(DefaultRequestDirector.java:446)
	at org.apache.http.impl.client.AbstractHttpClient.doExecute(AbstractHttpClient.java:863)
	at org.apache.http.impl.client.CloseableHttpClient.execute(CloseableHttpClient.java:82)
	at org.apache.http.impl.client.CloseableHttpClient.execute(CloseableHttpClient.java:106)
	at org.apache.http.impl.client.CloseableHttpClient.execute(CloseableHttpClient.java:57)
	at org.apache.solr.client.solrj.impl.HttpSolrServer.executeMethod(HttpSolrServer.java:448)
	... 8 more
2016-02-09 08:10:38,772 INFO [eu.clarin.cmdi.vlo.importer.MetadataImporter#startImport:203] - Found 0 file(s) without an id. (id is generated based on fileName but that may not be unique)
2016-02-09 08:10:38,773 INFO [eu.clarin.cmdi.vlo.importer.MetadataImporter#startImport:204] - Found 0 file(s) with errors.
2016-02-09 08:10:38,773 INFO [eu.clarin.cmdi.vlo.importer.MetadataImporter#startImport:205] - Found 0 file(s) that where ignored (files without resources or any link to a search service or landing page are ignored).
2016-02-09 08:10:38,773 INFO [eu.clarin.cmdi.vlo.importer.MetadataImporter#startImport:207] - Update of 0 took 2 secs. Total nr of files analyzed 0
2016-02-09 10:30:51,354 INFO [eu.clarin.cmdi.vlo.importer.LocalMain#main:26] - Reading configuration from file:/D:/workspace/VLO-CURATION/vlo-3.3-oeaw/vlo-commons/target/classes/VloConfig.xml
2016-02-09 10:30:51,786 INFO [eu.clarin.cmdi.vlo.importer.MetadataImporter#initSolrServer:315] - Initializing Solr Server on http://localhost:9080/vlo-solr/core0/
2016-02-09 10:30:52,117 WARN [eu.clarin.cmdi.vlo.importer.MetadataImporter#checkDataRoots:222] - Root file \media\acdh_data\oai-harvest\results\cmdi does not exist. It could be configuration error! Proceeding with next ...
2016-02-09 10:30:52,117 INFO [eu.clarin.cmdi.vlo.importer.MetadataImporter#filterDataRootsWithCLArgs:243] - Filtering configured data root files with command line arguments: "D:/data/cmdi/The_Language_Archive_s_IMDI_portal"
2016-02-09 10:30:54,180 ERROR [eu.clarin.cmdi.vlo.importer.MetadataImporter#startImport:197] - cannot commit:

org.apache.solr.client.solrj.SolrServerException: Server refused connection at: http://localhost:9080/vlo-solr/core0
	at org.apache.solr.client.solrj.impl.HttpSolrServer.executeMethod(HttpSolrServer.java:559)
	at org.apache.solr.client.solrj.impl.HttpSolrServer.request(HttpSolrServer.java:210)
	at org.apache.solr.client.solrj.impl.HttpSolrServer.request(HttpSolrServer.java:206)
	at org.apache.solr.client.solrj.impl.ConcurrentUpdateSolrServer.request(ConcurrentUpdateSolrServer.java:313)
	at org.apache.solr.client.solrj.request.AbstractUpdateRequest.process(AbstractUpdateRequest.java:124)
	at org.apache.solr.client.solrj.SolrServer.commit(SolrServer.java:168)
	at org.apache.solr.client.solrj.SolrServer.commit(SolrServer.java:146)
	at eu.clarin.cmdi.vlo.importer.MetadataImporter.startImport(MetadataImporter.java:193)
	at eu.clarin.cmdi.vlo.importer.LocalMain.main(LocalMain.java:35)
Caused by: java.net.ConnectException: Connection refused: connect
	at java.net.DualStackPlainSocketImpl.connect0(Native Method)
	at java.net.DualStackPlainSocketImpl.socketConnect(DualStackPlainSocketImpl.java:79)
	at java.net.AbstractPlainSocketImpl.doConnect(AbstractPlainSocketImpl.java:345)
	at java.net.AbstractPlainSocketImpl.connectToAddress(AbstractPlainSocketImpl.java:206)
	at java.net.AbstractPlainSocketImpl.connect(AbstractPlainSocketImpl.java:188)
	at java.net.PlainSocketImpl.connect(PlainSocketImpl.java:172)
	at java.net.SocksSocketImpl.connect(SocksSocketImpl.java:392)
	at java.net.Socket.connect(Socket.java:589)
	at org.apache.http.conn.scheme.PlainSocketFactory.connectSocket(PlainSocketFactory.java:117)
	at org.apache.http.impl.conn.DefaultClientConnectionOperator.openConnection(DefaultClientConnectionOperator.java:177)
	at org.apache.http.impl.conn.ManagedClientConnectionImpl.open(ManagedClientConnectionImpl.java:304)
	at org.apache.http.impl.client.DefaultRequestDirector.tryConnect(DefaultRequestDirector.java:611)
	at org.apache.http.impl.client.DefaultRequestDirector.execute(DefaultRequestDirector.java:446)
	at org.apache.http.impl.client.AbstractHttpClient.doExecute(AbstractHttpClient.java:863)
	at org.apache.http.impl.client.CloseableHttpClient.execute(CloseableHttpClient.java:82)
	at org.apache.http.impl.client.CloseableHttpClient.execute(CloseableHttpClient.java:106)
	at org.apache.http.impl.client.CloseableHttpClient.execute(CloseableHttpClient.java:57)
	at org.apache.solr.client.solrj.impl.HttpSolrServer.executeMethod(HttpSolrServer.java:448)
	... 8 more
2016-02-09 10:30:54,183 INFO [eu.clarin.cmdi.vlo.importer.MetadataImporter#startImport:203] - Found 0 file(s) without an id. (id is generated based on fileName but that may not be unique)
2016-02-09 10:30:54,183 INFO [eu.clarin.cmdi.vlo.importer.MetadataImporter#startImport:204] - Found 0 file(s) with errors.
2016-02-09 10:30:54,183 INFO [eu.clarin.cmdi.vlo.importer.MetadataImporter#startImport:205] - Found 0 file(s) that where ignored (files without resources or any link to a search service or landing page are ignored).
2016-02-09 10:30:54,183 INFO [eu.clarin.cmdi.vlo.importer.MetadataImporter#startImport:207] - Update of 0 took 2 secs. Total nr of files analyzed 0
2016-02-09 10:31:56,961 INFO [eu.clarin.cmdi.vlo.importer.LocalMain#main:26] - Reading configuration from file:/D:/workspace/VLO-CURATION/vlo-3.3-oeaw/vlo-commons/target/classes/VloConfig.xml
2016-02-09 10:41:43,051 INFO [eu.clarin.cmdi.vlo.importer.LocalMain#main:26] - Reading configuration from file:/D:/workspace/VLO-CURATION/vlo-3.3-oeaw/vlo-commons/target/classes/VloConfig.xml
2016-02-09 10:41:54,082 INFO [eu.clarin.cmdi.vlo.importer.MetadataImporter#initSolrServer:315] - Initializing Solr Server on http://localhost:9080/vlo-solr/core0/
2016-02-09 10:41:55,311 WARN [eu.clarin.cmdi.vlo.importer.MetadataImporter#checkDataRoots:222] - Root file \media\acdh_data\oai-harvest\results\cmdi does not exist. It could be configuration error! Proceeding with next ...
2016-02-09 10:41:56,226 INFO [eu.clarin.cmdi.vlo.importer.MetadataImporter#filterDataRootsWithCLArgs:243] - Filtering configured data root files with command line arguments: "D:/data/test/test2"
2016-02-09 10:42:09,746 ERROR [eu.clarin.cmdi.vlo.importer.MetadataImporter#startImport:197] - cannot commit:

org.apache.solr.client.solrj.SolrServerException: Server refused connection at: http://localhost:9080/vlo-solr/core0
	at org.apache.solr.client.solrj.impl.HttpSolrServer.executeMethod(HttpSolrServer.java:559)
	at org.apache.solr.client.solrj.impl.HttpSolrServer.request(HttpSolrServer.java:210)
	at org.apache.solr.client.solrj.impl.HttpSolrServer.request(HttpSolrServer.java:206)
	at org.apache.solr.client.solrj.impl.ConcurrentUpdateSolrServer.request(ConcurrentUpdateSolrServer.java:313)
	at org.apache.solr.client.solrj.request.AbstractUpdateRequest.process(AbstractUpdateRequest.java:124)
	at org.apache.solr.client.solrj.SolrServer.commit(SolrServer.java:168)
	at org.apache.solr.client.solrj.SolrServer.commit(SolrServer.java:146)
	at eu.clarin.cmdi.vlo.importer.MetadataImporter.startImport(MetadataImporter.java:193)
	at eu.clarin.cmdi.vlo.importer.LocalMain.main(LocalMain.java:35)
Caused by: java.net.ConnectException: Connection refused: connect
	at java.net.DualStackPlainSocketImpl.connect0(Native Method)
	at java.net.DualStackPlainSocketImpl.socketConnect(DualStackPlainSocketImpl.java:79)
	at java.net.AbstractPlainSocketImpl.doConnect(AbstractPlainSocketImpl.java:345)
	at java.net.AbstractPlainSocketImpl.connectToAddress(AbstractPlainSocketImpl.java:206)
	at java.net.AbstractPlainSocketImpl.connect(AbstractPlainSocketImpl.java:188)
	at java.net.PlainSocketImpl.connect(PlainSocketImpl.java:172)
	at java.net.SocksSocketImpl.connect(SocksSocketImpl.java:392)
	at java.net.Socket.connect(Socket.java:589)
	at org.apache.http.conn.scheme.PlainSocketFactory.connectSocket(PlainSocketFactory.java:117)
	at org.apache.http.impl.conn.DefaultClientConnectionOperator.openConnection(DefaultClientConnectionOperator.java:177)
	at org.apache.http.impl.conn.ManagedClientConnectionImpl.open(ManagedClientConnectionImpl.java:304)
	at org.apache.http.impl.client.DefaultRequestDirector.tryConnect(DefaultRequestDirector.java:611)
	at org.apache.http.impl.client.DefaultRequestDirector.execute(DefaultRequestDirector.java:446)
	at org.apache.http.impl.client.AbstractHttpClient.doExecute(AbstractHttpClient.java:863)
	at org.apache.http.impl.client.CloseableHttpClient.execute(CloseableHttpClient.java:82)
	at org.apache.http.impl.client.CloseableHttpClient.execute(CloseableHttpClient.java:106)
	at org.apache.http.impl.client.CloseableHttpClient.execute(CloseableHttpClient.java:57)
	at org.apache.solr.client.solrj.impl.HttpSolrServer.executeMethod(HttpSolrServer.java:448)
	... 8 more
2016-02-09 10:42:11,569 INFO [eu.clarin.cmdi.vlo.importer.MetadataImporter#startImport:203] - Found 0 file(s) without an id. (id is generated based on fileName but that may not be unique)
2016-02-09 10:42:12,217 INFO [eu.clarin.cmdi.vlo.importer.MetadataImporter#startImport:204] - Found 0 file(s) with errors.
2016-02-09 10:42:13,256 INFO [eu.clarin.cmdi.vlo.importer.MetadataImporter#startImport:205] - Found 0 file(s) that where ignored (files without resources or any link to a search service or landing page are ignored).
2016-02-09 10:42:13,579 INFO [eu.clarin.cmdi.vlo.importer.MetadataImporter#startImport:207] - Update of 0 took 14 secs. Total nr of files analyzed 0
